0 info it worked if it ends with ok
1 verbose cli [ 'C:\\Program Files\\nodejs\\node.exe',
1 verbose cli   'C:\\Program Files\\nodejs\\node_modules\\npm\\bin\\npm-cli.js',
1 verbose cli   'run',
1 verbose cli   'dev' ]
2 info using npm@3.8.6
3 info using node@v6.0.0
4 verbose run-script [ 'predev', 'dev', 'postdev' ]
5 info lifecycle meetior@0.0.1~predev: meetior@0.0.1
6 silly lifecycle meetior@0.0.1~predev: no script for predev, continuing
7 info lifecycle meetior@0.0.1~dev: meetior@0.0.1
8 verbose lifecycle meetior@0.0.1~dev: unsafe-perm in lifecycle true
9 verbose lifecycle meetior@0.0.1~dev: PATH: C:\Program Files\nodejs\node_modules\npm\bin\node-gyp-bin;E:\cygwin64\home\mjnao\p\node_modules\.bin;C:\Program Files\nodejs;E:\cygwin64\usr\local\bin;E:\cygwin64\bin;C:\ProgramData\Oracle\Java\javapath;C:\Program Files (x86)\Intel\iCLS Client;C:\Program Files\Intel\iCLS Client;C:\WINDOWS\system32;C:\WINDOWS;C:\WINDOWS\System32\Wbem;C:\WINDOWS\System32\WindowsPowerShell\v1.0;C:\Program Files\Microsoft SQL Server\Client SDK\ODBC\110\Tools\Binn;C:\Program Files (x86)\Microsoft SQL Server\120\Tools\Binn;C:\Program Files\Microsoft SQL Server\120\Tools\Binn;C:\Program Files\Microsoft SQL Server\120\DTS\Binn;C:\Program Files (x86)\Microsoft SQL Server\120\Tools\Binn\ManagementStudio;C:\Program Files (x86)\Microsoft SQL Server\120\DTS\Binn;C:\Program Files\Microsoft\Web Platform Installer;C:\Program Files (x86)\Microsoft ASP.NET\ASP.NET Web Pages\v1.0;C:\Program Files\Microsoft SQL Server\110\Tools\Binn;C:\Program Files\Intel\Intel(R) Management Engine Components\DAL;C:\Program Files\Intel\Intel(R) Management Engine Components\IPT;C:\Program Files (x86)\Skype\Phone;C:\Program Files (x86)\Windows Kits\10\Windows Performance Toolkit;C:\Program Files\Git\cmd;C:\Program Files\nodejs;C:\Users\mjnao\AppData\Local\.meteor;C:\Users\mjnao\AppData\Roaming\npm
10 verbose lifecycle meetior@0.0.1~dev: CWD: E:\cygwin64\home\mjnao\p
11 silly lifecycle meetior@0.0.1~dev: Args: [ '/d /s /c', 'webpack-dev-server' ]
12 silly lifecycle meetior@0.0.1~dev: Returned: code: 1  signal: null
13 info lifecycle meetior@0.0.1~dev: Failed to exec dev script
14 verbose stack Error: meetior@0.0.1 dev: `webpack-dev-server`
14 verbose stack Exit status 1
14 verbose stack     at EventEmitter.<anonymous> (C:\Program Files\nodejs\node_modules\npm\lib\utils\lifecycle.js:239:16)
14 verbose stack     at emitTwo (events.js:106:13)
14 verbose stack     at EventEmitter.emit (events.js:191:7)
14 verbose stack     at ChildProcess.<anonymous> (C:\Program Files\nodejs\node_modules\npm\lib\utils\spawn.js:24:14)
14 verbose stack     at emitTwo (events.js:106:13)
14 verbose stack     at ChildProcess.emit (events.js:191:7)
14 verbose stack     at maybeClose (internal/child_process.js:850:16)
14 verbose stack     at Process.ChildProcess._handle.onexit (internal/child_process.js:215:5)
15 verbose pkgid meetior@0.0.1
16 verbose cwd E:\cygwin64\home\mjnao\p\src
17 error Windows_NT 10.0.10586
18 error argv "C:\\Program Files\\nodejs\\node.exe" "C:\\Program Files\\nodejs\\node_modules\\npm\\bin\\npm-cli.js" "run" "dev"
19 error node v6.0.0
20 error npm  v3.8.6
21 error code ELIFECYCLE
22 error meetior@0.0.1 dev: `webpack-dev-server`
22 error Exit status 1
23 error Failed at the meetior@0.0.1 dev script 'webpack-dev-server'.
23 error Make sure you have the latest version of node.js and npm installed.
23 error If you do, this is most likely a problem with the meetior package,
23 error not with npm itself.
23 error Tell the author that this fails on your system:
23 error     webpack-dev-server
23 error You can get information on how to open an issue for this project with:
23 error     npm bugs meetior
23 error Or if that isn't available, you can get their info via:
23 error     npm owner ls meetior
23 error There is likely additional logging output above.
24 verbose exit [ 1, true ]
